# JRE version: OpenJDK Runtime Environment Corretto-11.0.18.10.1 (11.0.18+10) (build 11.0.18+10-LTS)
# Java VM: OpenJDK 64-Bit Server VM Corretto-11.0.18.10.1 (11.0.18+10-LTS, mixed mode, tiered, compressed oops, g1 gc, linux-amd64)
Heap:
 garbage-first heap   total 165888K, used 20105K [0x00000000c3200000, 0x0000000100000000)
  region size 1024K, 6 young (6144K), 6 survivors (6144K)
 Metaspace       used 48261K, capacity 49414K, committed 49740K, reserved 1093632K
  class space    used 5460K, capacity 5918K, committed 5964K, reserved 1048576K
GC Heap History (20 events):
Event: 8.274 GC heap after
{Heap after GC invocations=9 (full 0):
 garbage-first heap   total 76800K, used 11364K [0x00000000c3200000, 0x0000000100000000)
  region size 1024K, 4 young (4096K), 4 survivors (4096K)
 Metaspace       used 20554K, capacity 21035K, committed 21248K, reserved 1069056K
  class space    used 2050K, capacity 2247K, committed 2304K, reserved 1048576K
}
Event: 9.188 GC heap before
{Heap before GC invocations=10 (full 0):
 garbage-first heap   total 76800K, used 52324K [0x00000000c3200000, 0x0000000100000000)
  region size 1024K, 45 young (46080K), 4 survivors (4096K)
 Metaspace       used 23301K, capacity 23880K, committed 24192K, reserved 1071104K
  class space    used 2348K, capacity 2601K, committed 2688K, reserved 1048576K
}
Event: 9.242 GC heap after
{Heap after GC invocations=11 (full 0):
 garbage-first heap   total 92160K, used 12175K [0x00000000c3200000, 0x0000000100000000)
  region size 1024K, 4 young (4096K), 4 survivors (4096K)
 Metaspace       used 23301K, capacity 23880K, committed 24192K, reserved 1071104K
  class space    used 2348K, capacity 2601K, committed 2688K, reserved 1048576K
}
Event: 10.182 GC heap before
{Heap before GC invocations=11 (full 0):
 garbage-first heap   total 92160K, used 63375K [0x00000000c3200000, 0x0000000100000000)
  region size 1024K, 54 young (55296K), 4 survivors (4096K)
 Metaspace       used 25728K, capacity 26335K, committed 26624K, reserved 1073152K
  class space    used 2715K, capacity 2951K, committed 3072K, reserved 1048576K
}
Event: 10.211 GC heap after
{Heap after GC invocations=12 (full 0):
 garbage-first heap   total 92160K, used 12858K [0x00000000c3200000, 0x0000000100000000)
  region size 1024K, 4 young (4096K), 4 survivors (4096K)
 Metaspace       used 25728K, capacity 26335K, committed 26624K, reserved 1073152K
  class space    used 2715K, capacity 2951K, committed 3072K, reserved 1048576K
}
Event: 11.255 GC heap before
{Heap before GC invocations=12 (full 0):
 garbage-first heap   total 92160K, used 63034K [0x00000000c3200000, 0x0000000100000000)
  region size 1024K, 54 young (55296K), 4 survivors (4096K)
 Metaspace       used 29329K, capacity 29999K, committed 30080K, reserved 1075200K
  class space    used 3127K, capacity 3430K, committed 3456K, reserved 1048576K
}
Event: 11.296 GC heap after
{Heap after GC invocations=13 (full 0):
 garbage-first heap   total 92160K, used 13679K [0x00000000c3200000, 0x0000000100000000)
  region size 1024K, 5 young (5120K), 5 survivors (5120K)
 Metaspace       used 29329K, capacity 29999K, committed 30080K, reserved 1075200K
  class space    used 3127K, capacity 3430K, committed 3456K, reserved 1048576K
}
Event: 11.981 GC heap before
{Heap before GC invocations=13 (full 0):
 garbage-first heap   total 92160K, used 62831K [0x00000000c3200000, 0x0000000100000000)
  region size 1024K, 54 young (55296K), 5 survivors (5120K)
 Metaspace       used 32155K, capacity 32937K, committed 33280K, reserved 1079296K
  class space    used 3431K, capacity 3752K, committed 3840K, reserved 1048576K
}
Event: 12.002 GC heap after
{Heap after GC invocations=14 (full 0):
 garbage-first heap   total 92160K, used 14662K [0x00000000c3200000, 0x0000000100000000)
  region size 1024K, 4 young (4096K), 4 survivors (4096K)
 Metaspace       used 32155K, capacity 32937K, committed 33280K, reserved 1079296K
  class space    used 3431K, capacity 3752K, committed 3840K, reserved 1048576K
}
Event: 12.559 GC heap before
{Heap before GC invocations=14 (full 0):
 garbage-first heap   total 92160K, used 65862K [0x00000000c3200000, 0x0000000100000000)
  region size 1024K, 54 young (55296K), 4 survivors (4096K)
 Metaspace       used 34491K, capacity 35277K, committed 35584K, reserved 1081344K
  class space    used 3690K, capacity 4019K, committed 4096K, reserved 1048576K
}
Event: 12.573 GC heap after
{Heap after GC invocations=15 (full 0):
 garbage-first heap   total 120832K, used 15586K [0x00000000c3200000, 0x0000000100000000)
  region size 1024K, 5 young (5120K), 5 survivors (5120K)
 Metaspace       used 34491K, capacity 35277K, committed 35584K, reserved 1081344K
  class space    used 3690K, capacity 4019K, committed 4096K, reserved 1048576K
}
Event: 12.717 GC heap before
{Heap before GC invocations=15 (full 0):
 garbage-first heap   total 120832K, used 28898K [0x00000000c3200000, 0x0000000100000000)
  region size 1024K, 19 young (19456K), 5 survivors (5120K)
 Metaspace       used 34980K, capacity 35728K, committed 35840K, reserved 1081344K
  class space    used 3748K, capacity 4084K, committed 4096K, reserved 1048576K
}
Event: 12.742 GC heap after
{Heap after GC invocations=16 (full 0):
 garbage-first heap   total 120832K, used 15207K [0x00000000c3200000, 0x0000000100000000)
  region size 1024K, 4 young (4096K), 4 survivors (4096K)
 Metaspace       used 34980K, capacity 35728K, committed 35840K, reserved 1081344K
  class space    used 3748K, capacity 4084K, committed 4096K, reserved 1048576K
}
Event: 13.850 GC heap before
{Heap before GC invocations=17 (full 0):
 garbage-first heap   total 120832K, used 81767K [0x00000000c3200000, 0x0000000100000000)
  region size 1024K, 69 young (70656K), 4 survivors (4096K)
 Metaspace       used 38015K, capacity 38948K, committed 39116K, reserved 1083392K
  class space    used 4113K, capacity 4481K, committed 4556K, reserved 1048576K
}
Event: 13.890 GC heap after
{Heap after GC invocations=18 (full 0):
 garbage-first heap   total 120832K, used 16231K [0x00000000c3200000, 0x0000000100000000)
  region size 1024K, 5 young (5120K), 5 survivors (5120K)
 Metaspace       used 38015K, capacity 38948K, committed 39116K, reserved 1083392K
  class space    used 4113K, capacity 4481K, committed 4556K, reserved 1048576K
}
Event: 16.800 GC heap before
{Heap before GC invocations=18 (full 0):
 garbage-first heap   total 120832K, used 82791K [0x00000000c3200000, 0x0000000100000000)
  region size 1024K, 70 young (71680K), 5 survivors (5120K)
 Metaspace       used 41250K, capacity 42303K, committed 42572K, reserved 1087488K
  class space    used 4437K, capacity 4849K, committed 4940K, reserved 1048576K
}
Event: 16.860 GC heap after
{Heap after GC invocations=19 (full 0):
 garbage-first heap   total 120832K, used 18285K [0x00000000c3200000, 0x0000000100000000)
  region size 1024K, 7 young (7168K), 7 survivors (7168K)
 Metaspace       used 41250K, capacity 42303K, committed 42572K, reserved 1087488K
  class space    used 4437K, capacity 4849K, committed 4940K, reserved 1048576K
}
Event: 18.758 GC heap before
{Heap before GC invocations=19 (full 0):
 garbage-first heap   total 120832K, used 82797K [0x00000000c3200000, 0x0000000100000000)
  region size 1024K, 70 young (71680K), 7 survivors (7168K)
 Metaspace       used 44128K, capacity 45155K, committed 45516K, reserved 1089536K
  class space    used 4780K, capacity 5192K, committed 5324K, reserved 1048576K
}
Event: 18.824 GC heap after
{Heap after GC invocations=20 (full 0):
 garbage-first heap   total 120832K, used 19301K [0x00000000c3200000, 0x0000000100000000)
  region size 1024K, 6 young (6144K), 6 survivors (6144K)
 Metaspace       used 44128K, capacity 45155K, committed 45516K, reserved 1089536K
  class space    used 4780K, capacity 5192K, committed 5324K, reserved 1048576K
}
Event: 20.932 GC heap before
{Heap before GC invocations=20 (full 0):
 garbage-first heap   total 120832K, used 84837K [0x00000000c3200000, 0x0000000100000000)
  region size 1024K, 70 young (71680K), 6 survivors (6144K)
 Metaspace       used 48261K, capacity 49414K, committed 49740K, reserved 1093632K
  class space    used 5460K, capacity 5918K, committed 5964K, reserved 1048576K
}

